<?xml version="1.0" encoding="UTF-8"?>
<!-- Generated by org.testng.reporters.JUnitReportReporter -->
<testsuite hostname="EPBYMINW2460" name="com.epam.framework.test.ChangeThemeTest" tests="1" failures="0" timestamp="15 Dec 2014 08:33:08 GMT" time="13.440" errors="0">
  <testcase name="theThemeWasChanged" time="13.440" classname="com.epam.framework.test.ChangeThemeTest"/>
</testsuite> <!-- com.epam.framework.test.ChangeThemeTest -->
