<?xml version="1.0" encoding="UTF-8"?>
<!-- Generated by org.testng.reporters.JUnitReportReporter -->
<testsuite hostname="EPBYMINW2460" name="com.epam.framework.test.AttachEmoticonsTest" tests="1" failures="0" timestamp="10 Dec 2014 14:35:53 GMT" time="18.521" errors="0">
  <testcase name="sendingMessageWithEmoticons" time="18.521" classname="com.epam.framework.test.AttachEmoticonsTest"/>
</testsuite> <!-- com.epam.framework.test.AttachEmoticonsTest -->
