<?xml version="1.0" encoding="UTF-8"?>
<!-- Generated by org.testng.reporters.JUnitReportReporter -->
<testsuite hostname="EPBYMINW2460" name="com.epam.framework.test.CreateShortcutTest" tests="1" failures="0" timestamp="15 Dec 2014 11:00:00 GMT" time="20.782" errors="0">
  <testcase name="createInseretedShortcut" time="20.782" classname="com.epam.framework.test.CreateShortcutTest"/>
</testsuite> <!-- com.epam.framework.test.CreateShortcutTest -->
