<?xml version="1.0" encoding="UTF-8"?>
<!-- Generated by org.testng.reporters.JUnitReportReporter -->
<testsuite hostname="EPBYMINW2460" name="com.epam.framework.test.DeleteShortcutTest" tests="1" failures="0" timestamp="15 Dec 2014 11:58:09 GMT" time="40.463" errors="0">
  <testcase name="deleteShortcut" time="40.463" classname="com.epam.framework.test.DeleteShortcutTest"/>
</testsuite> <!-- com.epam.framework.test.DeleteShortcutTest -->
