<?xml version="1.0" encoding="UTF-8"?>
<!-- Generated by org.testng.reporters.JUnitReportReporter -->
<testsuite hostname="EPBYMINW2460" name="com.epam.framework.test.AttachFileTest" tests="1" failures="0" timestamp="9 Dec 2014 15:54:19 GMT" time="27.110" errors="0">
  <testcase name="tryingToaAttachFile" time="27.110" classname="com.epam.framework.test.AttachFileTest"/>
</testsuite> <!-- com.epam.framework.test.AttachFileTest -->
