<?xml version="1.0" encoding="UTF-8"?>
<!-- Generated by org.testng.reporters.JUnitReportReporter -->
<testsuite hostname="EPBYMINW2460" name="com.epam.framework.test.MarkAsSpamAndReturnTest" tests="1" failures="0" timestamp="15 Dec 2014 12:34:10 GMT" time="37.613" errors="0">
  <testcase name="markImemAsSpamAndMarkSpamItemAsNotSpam" time="37.613" classname="com.epam.framework.test.MarkAsSpamAndReturnTest"/>
</testsuite> <!-- com.epam.framework.test.MarkAsSpamAndReturnTest -->
