<?xml version="1.0" encoding="UTF-8"?>
<!-- Generated by org.testng.reporters.JUnitReportReporter -->
<testsuite hostname="EPBYMINW2460" name="com.epam.framework.test.SpamTest" tests="1" failures="0" timestamp="9 Dec 2014 15:37:42 GMT" time="60.014" errors="0">
  <testcase name="testMarkLetterAsSpam" time="60.014" classname="com.epam.framework.test.SpamTest"/>
</testsuite> <!-- com.epam.framework.test.SpamTest -->
