<?xml version="1.0" encoding="UTF-8"?>
<!-- Generated by org.testng.reporters.JUnitReportReporter -->
<testsuite hostname="EPBYMINW2460" name="com.epam.framework.test.CheckingSignatureTest" tests="1" failures="0" timestamp="15 Dec 2014 13:07:20 GMT" time="44.135" errors="0">
  <testcase name="newMessageHasSignature" time="44.135" classname="com.epam.framework.test.CheckingSignatureTest"/>
</testsuite> <!-- com.epam.framework.test.CheckingSignatureTest -->
