<?xml version="1.0" encoding="UTF-8"?>
<!-- Generated by org.testng.reporters.JUnitReportReporter -->
<testsuite hostname="EPBYMINW2460" name="com.epam.framework.test.ChangeShortcutTest" tests="1" failures="0" timestamp="15 Dec 2014 11:31:20 GMT" time="51.747" errors="0">
  <testcase name="changeShortcut" time="51.747" classname="com.epam.framework.test.ChangeShortcutTest"/>
</testsuite> <!-- com.epam.framework.test.ChangeShortcutTest -->
